<?xml version="1.0" encoding="UTF-8"?>
<!-- Generated by org.testng.reporters.JUnitReportReporter -->
<testsuite skipped="0" hostname="CDC2-L-025418W" name="LoginTestCases.CorrectUserName" tests="1" failures="0" timestamp="02 Jan 2021 16:01:22 GMT" time="15.721" errors="0">
  <testcase name="LoginWithCorrectUserName" time="15.721" classname="LoginTestCases.CorrectUserName"/>
</testsuite> <!-- LoginTestCases.CorrectUserName -->
