<?xml version="1.0" encoding="UTF-8"?>
<!-- Generated by org.testng.reporters.JUnitReportReporter -->
<testsuite skipped="0" hostname="CDC2-L-025418W" name="LoginTestCases.CorrectPassword" tests="1" failures="0" timestamp="02 Jan 2021 16:01:22 GMT" time="15.389" errors="0">
  <testcase name="LoginWithCorrectPassword" time="15.389" classname="LoginTestCases.CorrectPassword"/>
</testsuite> <!-- LoginTestCases.CorrectPassword -->
